
=== 2026-05-01 20:42:50 ===
DONNÉES REÇUES: {"email_destinataire":"elaa@example.com","montant":100}
MONTANT: 100 | EMAIL_DEST: elaa@example.com
RECHERCHE EXPÉDITEUR (ID: 1)
EXPÉDITEUR: jean@example.com | SOLDE: 1100
RECHERCHE DESTINATAIRE (EMAIL: elaa@example.com)
DESTINATAIRE: elaa@example.com | SOLDE: 1200
✅ Validation OK - Début de la transaction
TRANSACTION COMMENCÉE
NOUVEAUX SOLDES: Exp=1000 | Dest=1300
EXÉCUTION: UPDATE utilisateurs SET solde = 1000 WHERE id = 1
RÉSULTAT UPDATE 1 (Expéditeur): TRUE
EXÉCUTION: UPDATE utilisateurs SET solde = 1300 WHERE id = 12
RÉSULTAT UPDATE 2 (Destinataire): TRUE
EXÉCUTION: INSERT mouvement expéditeur
RÉSULTAT INSERT 1: TRUE
EXÉCUTION: INSERT mouvement destinataire
RÉSULTAT INSERT 2: TRUE
VÉRIFICATION APRÈS UPDATE...
SOLDE EXPÉDITEUR EN BD: 1000.00
SOLDE DESTINATAIRE EN BD: 1300.00
✅ TRANSACTION COMMITTÉE
=== FIN ===

=== 2026-05-01 20:53:20 ===
DONNÉES REÇUES: {"email_destinataire":"elaa@example.com","montant":100}
MONTANT: 100 | EMAIL_DEST: elaa@example.com
RECHERCHE EXPÉDITEUR (ID: 1)
EXPÉDITEUR: jean@example.com | SOLDE: 1000
RECHERCHE DESTINATAIRE (EMAIL: elaa@example.com)
DESTINATAIRE: elaa@example.com | SOLDE: 1300
✅ Validation OK - Début de la transaction
TRANSACTION COMMENCÉE
NOUVEAUX SOLDES: Exp=900 | Dest=1400
EXÉCUTION: UPDATE utilisateurs SET solde = 900 WHERE id = 1
RÉSULTAT UPDATE 1 (Expéditeur): TRUE
EXÉCUTION: UPDATE utilisateurs SET solde = 1400 WHERE id = 12
RÉSULTAT UPDATE 2 (Destinataire): TRUE
EXÉCUTION: INSERT mouvement expéditeur
RÉSULTAT INSERT 1: TRUE
EXÉCUTION: INSERT mouvement destinataire
RÉSULTAT INSERT 2: TRUE
VÉRIFICATION APRÈS UPDATE...
SOLDE EXPÉDITEUR EN BD: 900.00
SOLDE DESTINATAIRE EN BD: 1400.00
✅ TRANSACTION COMMITTÉE
=== FIN ===

=== 2026-05-01 22:47:35 ===
DONNÉES REÇUES: {"email_destinataire":"elaa@example.com","montant":100}
MONTANT: 100 | EMAIL_DEST: elaa@example.com
RECHERCHE EXPÉDITEUR (ID: 1)
EXPÉDITEUR: jean@example.com | SOLDE: 900
RECHERCHE DESTINATAIRE (EMAIL: elaa@example.com)
DESTINATAIRE: elaa@example.com | SOLDE: 1400
✅ Validation OK - Début de la transaction
TRANSACTION COMMENCÉE
NOUVEAUX SOLDES: Exp=800 | Dest=1500
EXÉCUTION: UPDATE utilisateurs SET solde = 800 WHERE id = 1
RÉSULTAT UPDATE 1 (Expéditeur): TRUE
EXÉCUTION: UPDATE utilisateurs SET solde = 1500 WHERE id = 12
RÉSULTAT UPDATE 2 (Destinataire): TRUE
EXÉCUTION: INSERT mouvement expéditeur
RÉSULTAT INSERT 1: TRUE
EXÉCUTION: INSERT mouvement destinataire
RÉSULTAT INSERT 2: TRUE
VÉRIFICATION APRÈS UPDATE...
SOLDE EXPÉDITEUR EN BD: 800.00
SOLDE DESTINATAIRE EN BD: 1500.00
✅ TRANSACTION COMMITTÉE
=== FIN ===

=== 2026-05-02 10:48:14 ===
DONNÉES REÇUES: {"email_destinataire":"jean@example.com","montant":100}
MONTANT: 100 | EMAIL_DEST: jean@example.com
RECHERCHE EXPÉDITEUR (ID: 12)
EXPÉDITEUR: elaa@example.com | SOLDE: 1299.5
RECHERCHE DESTINATAIRE (EMAIL: jean@example.com)
DESTINATAIRE: jean@example.com | SOLDE: 700
✅ Validation OK - Début de la transaction
TRANSACTION COMMENCÉE
NOUVEAUX SOLDES: Exp=1199.5 | Dest=800
EXÉCUTION: UPDATE utilisateurs SET solde = 1199.5 WHERE id = 12
RÉSULTAT UPDATE 1 (Expéditeur): TRUE
EXÉCUTION: UPDATE utilisateurs SET solde = 800 WHERE id = 1
RÉSULTAT UPDATE 2 (Destinataire): TRUE
EXÉCUTION: INSERT mouvement expéditeur
RÉSULTAT INSERT 1: TRUE
EXÉCUTION: INSERT mouvement destinataire
RÉSULTAT INSERT 2: TRUE
VÉRIFICATION APRÈS UPDATE...
SOLDE EXPÉDITEUR EN BD: 1199.50
SOLDE DESTINATAIRE EN BD: 800.00
✅ TRANSACTION COMMITTÉE
=== FIN ===

=== 2026-05-02 10:48:41 ===
DONNÉES REÇUES: {"email_destinataire":"elaa@example.com","montant":100}
MONTANT: 100 | EMAIL_DEST: elaa@example.com
RECHERCHE EXPÉDITEUR (ID: 1)
EXPÉDITEUR: jean@example.com | SOLDE: 800
RECHERCHE DESTINATAIRE (EMAIL: elaa@example.com)
DESTINATAIRE: elaa@example.com | SOLDE: 1199.5
✅ Validation OK - Début de la transaction
TRANSACTION COMMENCÉE
NOUVEAUX SOLDES: Exp=700 | Dest=1299.5
EXÉCUTION: UPDATE utilisateurs SET solde = 700 WHERE id = 1
RÉSULTAT UPDATE 1 (Expéditeur): TRUE
EXÉCUTION: UPDATE utilisateurs SET solde = 1299.5 WHERE id = 12
RÉSULTAT UPDATE 2 (Destinataire): TRUE
EXÉCUTION: INSERT mouvement expéditeur
RÉSULTAT INSERT 1: TRUE
EXÉCUTION: INSERT mouvement destinataire
RÉSULTAT INSERT 2: TRUE
VÉRIFICATION APRÈS UPDATE...
SOLDE EXPÉDITEUR EN BD: 700.00
SOLDE DESTINATAIRE EN BD: 1299.50
✅ TRANSACTION COMMITTÉE
=== FIN ===

=== 2026-05-02 19:04:39 ===
DONNÉES REÇUES: {"email_destinataire":"jean@example.com","montant":100}
MONTANT: 100 | EMAIL_DEST: jean@example.com
RECHERCHE EXPÉDITEUR (ID: 12)
EXPÉDITEUR: elaa@example.com | SOLDE: 1299.5
RECHERCHE DESTINATAIRE (EMAIL: jean@example.com)
DESTINATAIRE: jean@example.com | SOLDE: 800
✅ Validation OK - Début de la transaction
TRANSACTION COMMENCÉE
NOUVEAUX SOLDES: Exp=1199.5 | Dest=900
EXÉCUTION: UPDATE utilisateurs SET solde = 1199.5 WHERE id = 12
RÉSULTAT UPDATE 1 (Expéditeur): TRUE
EXÉCUTION: UPDATE utilisateurs SET solde = 900 WHERE id = 1
RÉSULTAT UPDATE 2 (Destinataire): TRUE
EXÉCUTION: INSERT mouvement expéditeur
RÉSULTAT INSERT 1: TRUE
EXÉCUTION: INSERT mouvement destinataire
RÉSULTAT INSERT 2: TRUE
VÉRIFICATION APRÈS UPDATE...
SOLDE EXPÉDITEUR EN BD: 1199.50
SOLDE DESTINATAIRE EN BD: 900.00
✅ TRANSACTION COMMITTÉE
=== FIN ===

=== 2026-05-02 19:05:40 ===
DONNÉES REÇUES: {"email_destinataire":"jean@exapmle.com","montant":100}
MONTANT: 100 | EMAIL_DEST: jean@exapmle.com
RECHERCHE EXPÉDITEUR (ID: 12)
EXPÉDITEUR: elaa@example.com | SOLDE: 1199.5
RECHERCHE DESTINATAIRE (EMAIL: jean@exapmle.com)
ERREUR: Destinataire non trouvé

=== 2026-05-02 19:05:53 ===
DONNÉES REÇUES: {"email_destinataire":"jean@example.com","montant":100}
MONTANT: 100 | EMAIL_DEST: jean@example.com
RECHERCHE EXPÉDITEUR (ID: 12)
EXPÉDITEUR: elaa@example.com | SOLDE: 1199.5
RECHERCHE DESTINATAIRE (EMAIL: jean@example.com)
DESTINATAIRE: jean@example.com | SOLDE: 900
✅ Validation OK - Début de la transaction
TRANSACTION COMMENCÉE
NOUVEAUX SOLDES: Exp=1099.5 | Dest=1000
EXÉCUTION: UPDATE utilisateurs SET solde = 1099.5 WHERE id = 12
RÉSULTAT UPDATE 1 (Expéditeur): TRUE
EXÉCUTION: UPDATE utilisateurs SET solde = 1000 WHERE id = 1
RÉSULTAT UPDATE 2 (Destinataire): TRUE
EXÉCUTION: INSERT mouvement expéditeur
RÉSULTAT INSERT 1: TRUE
EXÉCUTION: INSERT mouvement destinataire
RÉSULTAT INSERT 2: TRUE
VÉRIFICATION APRÈS UPDATE...
SOLDE EXPÉDITEUR EN BD: 1099.50
SOLDE DESTINATAIRE EN BD: 1000.00
✅ TRANSACTION COMMITTÉE
=== FIN ===
